Time[ps]      Etot[eV]     Epot[eV]     Ekin[eV]    T[K]
0.0000       -29982.757   -29990.612        7.855   316.5
0.0010       -29982.829   -29991.260        8.431   339.7
0.0020       -29982.818   -29992.186        9.368   377.5
0.0030       -29982.791   -29993.533       10.742   432.8
0.0040       -29982.913   -29995.528       12.615   508.3
0.0050       -29982.918   -29996.606       13.688   551.5
0.0060       -29982.820   -29996.618       13.797   555.9
0.0070       -29982.774   -29996.908       14.134   569.5
0.0080       -29982.777   -29998.270       15.493   624.3
0.0090       -29982.860   -30000.524       17.663   711.7
0.0100       -29982.836   -30002.531       19.696   793.6
0.0110       -29982.740   -30004.610       21.870   881.2
0.0120       -29982.868   -30007.811       24.943  1005.0
0.0130       -29982.986   -30010.421       27.435  1105.4
0.0140       -29982.873   -30010.892       28.019  1129.0
0.0150       -29982.784   -30010.752       27.968  1126.9
0.0160       -29982.803   -30011.454       28.651  1154.5
0.0170       -29982.863   -30012.802       29.938  1206.3
0.0180       -29982.880   -30013.840       30.960  1247.5
0.0190       -29982.785   -30014.297       31.511  1269.7
0.0200       -29982.793   -30015.220       32.427  1306.6
0.0210       -29982.907   -30016.364       33.457  1348.1
0.0220       -29982.893   -30016.253       33.360  1344.2
0.0230       -29982.803   -30015.167       32.365  1304.1
0.0240       -29982.796   -30014.486       31.689  1276.9
0.0250       -29982.823   -30014.507       31.684  1276.7
0.0260       -29982.851   -30014.828       31.978  1288.5
0.0270       -29982.826   -30015.015       32.189  1297.0
0.0280       -29982.794   -30015.302       32.509  1309.9
0.0290       -29982.829   -30016.013       33.184  1337.1
0.0300       -29982.886   -30016.607       33.720  1358.7
0.0310       -29982.858   -30016.375       33.517  1350.5
0.0320       -29982.802   -30015.787       32.985  1329.1
0.0330       -29982.798   -30015.720       32.922  1326.5
0.0340       -29982.827   -30016.287       33.460  1348.2
0.0350       -29982.829   -30017.051       34.222  1378.9
0.0360       -29982.803   -30017.897       35.095  1414.1
0.0370       -29982.841   -30018.993       36.152  1456.7
0.0380       -29982.877   -30019.775       36.898  1486.7
0.0390       -29982.860   -30019.773       36.913  1487.4
0.0400       -29982.847   -30019.256       36.409  1467.1
0.0410       -29982.833   -30018.529       35.696  1438.3
0.0420       -29982.815   -30017.888       35.073  1413.2
0.0430       -29982.822   -30017.594       34.772  1401.1
0.0440       -29982.814   -30017.604       34.790  1401.8
0.0450       -29982.827   -30017.937       35.110  1414.7
0.0460       -29982.860   -30018.322       35.462  1428.9
0.0470       -29982.844   -30018.302       35.458  1428.7
0.0480       -29982.815   -30018.089       35.273  1421.3
0.0490       -29982.843   -30018.055       35.212  1418.8
0.0500       -29982.864   -30017.871       35.007  1410.6
0.0510       -29982.833   -30017.305       34.473  1389.0
0.0520       -29982.798   -30016.804       34.006  1370.2
0.0530       -29982.784   -30016.890       34.106  1374.2
0.0540       -29982.833   -30017.667       34.833  1403.6
0.0550       -29982.885   -30018.389       35.504  1430.6
0.0560       -29982.868   -30018.312       35.444  1428.2
0.0570       -29982.769   -30017.824       35.055  1412.5
0.0580       -29982.811   -30018.245       35.434  1427.7
0.0590       -29982.909   -30019.059       36.149  1456.6
0.0600       -29982.866   -30018.989       36.123  1455.5
0.0610       -29982.807   -30018.551       35.744  1440.2
0.0620       -29982.813   -30018.588       35.775  1441.5
0.0630       -29982.875   -30018.972       36.097  1454.5
0.0640       -29982.887   -30018.839       35.952  1448.6
0.0650       -29982.824   -30018.064       35.240  1419.9
0.0660       -29982.787   -30017.564       34.778  1401.3
0.0670       -29982.872   -30017.795       34.923  1407.2
0.0680       -29982.910   -30017.664       34.755  1400.4
0.0690       -29982.766   -30016.964       34.198  1378.0
0.0700       -29982.830   -30017.348       34.518  1390.8
0.0710       -29982.875   -30018.166       35.291  1422.0
0.0720       -29982.896   -30018.486       35.590  1434.1
0.0730       -29982.865   -30017.944       35.079  1413.5
0.0740       -29982.832   -30016.949       34.117  1374.7
0.0750       -29982.814   -30016.009       33.195  1337.5
0.0760       -29982.815   -30015.385       32.569  1312.3
0.0770       -29982.821   -30015.064       32.243  1299.2
0.0780       -29982.813   -30015.001       32.188  1297.0
0.0790       -29982.846   -30015.266       32.420  1306.3
0.0800       -29982.842   -30015.504       32.662  1316.1
0.0810       -29982.840   -30015.893       33.053  1331.8
0.0820       -29982.901   -30016.370       33.469  1348.6
0.0830       -29982.858   -30016.157       33.299  1341.7
0.0840       -29982.842   -30015.705       32.863  1324.2
0.0850       -29982.842   -30015.254       32.413  1306.0
0.0860       -29982.812   -30014.830       32.018  1290.1
0.0870       -29982.787   -30014.839       32.052  1291.5
0.0880       -29982.824   -30015.571       32.747  1319.5
0.0890       -29982.866   -30016.498       33.633  1355.2
0.0900       -29982.883   -30017.001       34.118  1374.7
0.0910       -29982.815   -30017.002       34.187  1377.5
0.0920       -29982.861   -30017.364       34.503  1390.3
0.0930       -29982.897   -30017.595       34.699  1398.1
0.0940       -29982.850   -30017.079       34.229  1379.2
0.0950       -29982.822   -30016.367       33.544  1351.6
0.0960       -29982.822   -30015.875       33.053  1331.8
0.0970       -29982.828   -30015.642       32.813  1322.2
0.0980       -29982.830   -30015.594       32.764  1320.2
0.0990       -29982.865   -30015.648       32.782  1320.9
0.1000       -29982.889   -30015.377       32.488  1309.1
0.1010       -29982.822   -30014.635       31.813  1281.8
0.1020       -29982.801   -30014.539       31.738  1278.8
0.1030       -29982.893   -30015.267       32.374  1304.4
0.1040       -29982.865   -30015.472       32.607  1313.8
0.1050       -29982.813   -30015.326       32.513  1310.0
0.1060       -29982.833   -30015.425       32.592  1313.3
0.1070       -29982.849   -30015.557       32.708  1317.9
0.1080       -29982.846   -30015.483       32.637  1315.1
0.1090       -29982.826   -30015.305       32.479  1308.7
0.1100       -29982.814   -30015.367       32.553  1311.7
0.1110       -29982.851   -30015.826       32.976  1328.7
0.1120       -29982.844   -30016.252       33.408  1346.1
0.1130       -29982.809   -30016.773       33.964  1368.5
0.1140       -29982.843   -30017.804       34.961  1408.7
0.1150       -29982.885   -30018.846       35.962  1449.0
0.1160       -29982.883   -30019.302       36.419  1467.5
0.1170       -29982.861   -30019.182       36.322  1463.5
0.1180       -29982.829   -30018.894       36.065  1453.2
0.1190       -29982.848   -30018.866       36.018  1451.3
0.6680       -29982.989   -30017.921       34.932  1407.5
0.6690       -29982.934   -30017.517       34.583  1393.5
0.6700       -29982.876   -30016.803       33.927  1367.0
0.6710       -29982.869   -30016.803       33.934  1367.3
0.6720       -29982.960   -30017.435       34.476  1389.1
0.6730       -29982.991   -30017.350       34.359  1384.5
0.6740       -29982.873   -30016.190       33.318  1342.5
0.6750       -29982.857   -30015.630       32.773  1320.5
0.6760       -29982.910   -30016.136       33.226  1338.8
0.6770       -29982.958   -30016.729       33.771  1360.7
0.6780       -29982.955   -30016.619       33.664  1356.4
0.6790       -29982.897   -30015.828       32.932  1326.9
0.6800       -29982.832   -30015.306       32.474  1308.5
0.6810       -29982.910   -30015.812       32.903  1325.8
0.6820       -29982.975   -30016.300       33.324  1342.8
0.6830       -29982.959   -30015.728       32.768  1320.3
0.6840       -29982.810   -30014.639       31.829  1282.5
0.6850       -29982.908   -30014.795       31.887  1284.9
0.6860       -29982.914   -30015.291       32.377  1304.6
0.6870       -29982.919   -30015.686       32.768  1320.3
0.6880       -29982.938   -30015.802       32.864  1324.2
0.6890       -29982.887   -30015.429       32.542  1311.2
0.6900       -29982.852   -30015.344       32.492  1309.2
0.6910       -29982.974   -30015.931       32.957  1328.0
0.6920       -29982.993   -30015.696       32.703  1317.7
0.6930       -29982.863   -30014.482       31.619  1274.0
0.6940       -29982.851   -30014.196       31.345  1263.0
0.6950       -29982.928   -30014.935       32.008  1289.7
0.6960       -29982.882   -30015.571       32.689  1317.1
0.6970       -29982.937   -30016.358       33.421  1346.6
0.6980       -29982.911   -30016.728       33.817  1362.6
0.6990       -29982.869   -30017.081       34.212  1378.5
0.7000       -29982.963   -30018.020       35.057  1412.6
0.7010       -29983.004   -30018.383       35.379  1425.5
0.7020       -29982.905   -30017.560       34.655  1396.4
0.7030       -29982.874   -30017.198       34.324  1383.0
0.7040       -29982.930   -30017.630       34.700  1398.2
0.7050       -29982.890   -30017.811       34.921  1407.1
0.7060       -29982.895   -30018.072       35.178  1417.4
0.7070       -29982.881   -30018.426       35.545  1432.2
0.7080       -29982.907   -30019.034       36.127  1455.7
0.7090       -29982.982   -30019.524       36.542  1472.4
0.7100       -29982.945   -30019.069       36.124  1455.6
0.7110       -29982.834   -30018.393       35.558  1432.8
0.7120       -29982.998   -30018.617       35.619  1435.2
0.7130       -29982.931   -30017.913       34.982  1409.6
0.7140       -29982.858   -30016.674       33.816  1362.6
0.7150       -29982.841   -30015.960       33.119  1334.5
0.7160       -29982.867   -30016.069       33.203  1337.8
0.7170       -29982.924   -30016.664       33.740  1359.5
0.7180       -29982.966   -30016.942       33.977  1369.0
0.7190       -29982.932   -30016.499       33.566  1352.5
0.7200       -29982.815   -30016.149       33.333  1343.1
0.7210       -29983.002   -30017.057       34.055  1372.2
0.7220       -29982.989   -30017.059       34.069  1372.8
0.7230       -29982.887   -30015.868       32.980  1328.9
0.7240       -29982.831   -30014.887       32.056  1291.6
0.7250       -29982.846   -30014.971       32.125  1294.4
0.7260       -29982.927   -30015.868       32.941  1327.3
0.7270       -29982.960   -30016.491       33.530  1351.0
0.7280       -29982.944   -30016.421       33.477  1348.9
0.7290       -29982.818   -30016.307       33.489  1349.4
0.7300       -29983.005   -30017.395       34.390  1385.7
0.7310       -29982.973   -30017.647       34.675  1397.2
0.7320       -29982.901   -30016.997       34.096  1373.9
0.7330       -29982.869   -30016.411       33.542  1351.5
0.7340       -29982.870   -30016.331       33.461  1348.3
0.7350       -29982.934   -30016.624       33.690  1357.5
0.7360       -29982.913   -30016.575       33.661  1356.3
0.7370       -29982.916   -30016.481       33.565  1352.5
0.7380       -29982.920   -30016.416       33.496  1349.7
0.7390       -29982.894   -30016.588       33.694  1357.7
0.7400       -29982.974   -30017.084       34.110  1374.4
0.7410       -29982.927   -30016.814       33.887  1365.4
0.7420       -29982.882   -30016.303       33.421  1346.6
0.7430       -29982.897   -30016.148       33.251  1339.8
0.7440       -29982.908   -30016.226       33.318  1342.5
0.7450       -29982.927   -30016.391       33.463  1348.4
0.7460       -29982.995   -30016.327       33.332  1343.1
0.7470       -29982.891   -30015.302       32.411  1306.0
0.7480       -29982.814   -30014.930       32.116  1294.1
0.7490       -29982.988   -30016.030       33.042  1331.4
0.7500       -29982.971   -30016.190       33.219  1338.5
0.7510       -29982.881   -30015.334       32.453  1307.7
0.7520       -29982.847   -30014.717       31.870  1284.2
0.7530       -29982.922   -30014.821       31.900  1285.3
0.7540       -29982.929   -30014.796       31.867  1284.0
0.7550       -29982.912   -30014.453       31.541  1270.9
0.7560       -29982.879   -30014.122       31.243  1258.9
0.7570       -29982.857   -30014.391       31.534  1270.6
0.7580       -29982.891   -30015.624       32.733  1318.9
0.7590       -29983.035   -30017.099       34.064  1372.5
0.7600       -29982.939   -30017.068       34.129  1375.2
0.7610       -29982.871   -30016.512       33.642  1355.5
0.7620       -29982.896   -30016.500       33.605  1354.0
0.7630       -29982.926   -30016.756       33.829  1363.1
0.7640       -29982.922   -30016.780       33.858  1364.2
0.7650       -29982.885   -30016.541       33.656  1356.1
0.7660       -29982.898   -30016.489       33.592  1353.5
0.7670       -29982.889   -30016.584       33.695  1357.7
0.7680       -29982.948   -30017.106       34.158  1376.3
0.7690       -29982.976   -30017.337       34.362  1384.6
0.7700       -29982.918   -30016.711       33.792  1361.6
0.7710       -29982.873   -30016.017       33.144  1335.5
0.7720       -29982.900   -30015.841       32.941  1327.3
0.7730       -29982.912   -30015.880       32.968  1328.4
0.7740       -29982.865   -30015.905       33.040  1331.3
0.7750       -29982.844   -30016.513       33.669  1356.6
0.7760       -29982.922   -30017.951       35.029  1411.5
0.7770       -29982.954   -30019.224       36.269  1461.4
0.7780       -29983.028   -30019.709       36.681  1478.0
0.7790       -29982.927   -30018.661       35.734  1439.9
0.7800       -29982.836   -30018.014       35.178  1417.4
0.7810       -29982.997   -30018.710       35.713  1439.0
0.7820       -29982.913   -30018.397       35.484  1429.8
0.7830       -29982.849   -30017.881       35.031  1411.5
0.7840       -29982.889   -30018.013       35.124  1415.3
0.7850       -29982.897   -30018.436       35.539  1432.0
0.7860       -29982.894   -30018.985       36.091  1454.2
0.7870       -29982.946   -30019.541       36.594  1474.5
0.7880       -29982.937   -30019.432       36.496  1470.5
0.7890       -29982.905   -30018.752       35.847  1444.4
0.7900       -29982.899   -30018.049       35.150  1416.3
0.7910       -29982.923   -30017.405       34.481  1389.4
0.7920       -29982.867   -30016.731       33.865  1364.5
0.7930       -29982.915   -30016.621       33.706  1358.1
0.7940       -29982.901   -30016.612       33.711  1358.3
0.7950       -29982.898   -30016.704       33.807  1362.2
0.7960       -29982.955   -30016.914       33.959  1368.3
0.7970       -29982.957   -30016.545       33.588  1353.4
0.7980       -29982.859   -30015.830       32.971  1328.5
0.7990       -29982.918   -30015.971       33.053  1331.8
0.8000       -29982.942   -30016.250       33.309  1342.1
0.8010       -29982.951   -30016.081       33.130  1334.9
0.8020       -29982.870   -30015.382       32.512  1310.0
0.8030       -29982.844   -30015.198       32.354  1303.6
0.8040       -29982.919   -30015.911       32.993  1329.4
0.8050       -29982.979   -30016.500       33.521  1350.7
0.8060       -29982.952   -30016.208       33.255  1340.0
0.8070       -29982.886   -30015.499       32.613  1314.1
0.8080       -29982.882   -30015.476       32.594  1313.3
0.8090       -29982.966   -30015.984       33.018  1330.4
0.8100       -29982.956   -30015.621       32.665  1316.2
0.8110       -29982.848   -30014.466       31.618  1274.0
0.8120       -29982.800   -30013.996       31.196  1257.0
0.8130       -29982.887   -30014.925       32.038  1290.9
0.8140       -29982.974   -30016.120       33.146  1335.6
0.8150       -29982.950   -30016.452       33.502  1349.9
0.8160       -29982.948   -30016.143       33.196  1337.6
0.8170       -29982.818   -30015.659       32.841  1323.3
0.8180       -29982.977   -30016.390       33.413  1346.3
0.8190       -29983.007   -30016.419       33.412  1346.3
0.8200       -29982.838   -30015.135       32.297  1301.4
0.8210       -29982.835   -30014.706       31.871  1284.2
0.8220       -29982.906   -30015.400       32.495  1309.3
0.8230       -29982.945   -30016.267       33.322  1342.7
0.8240       -29982.966   -30016.659       33.693  1357.6
0.8250       -29982.934   -30016.341       33.407  1346.1
0.8260       -29982.859   -30015.958       33.099  1333.7
0.8270       -29982.994   -30016.505       33.511  1350.3
0.8280       -29983.000   -30016.218       33.219  1338.5
0.8290       -29982.844   -30014.726       31.882  1284.6
0.8300       -29982.830   -30014.111       31.281  1260.4
0.8310       -29982.906   -30014.745       31.838  1282.9
0.8320       -29982.976   -30015.536       32.559  1311.9
0.8330       -29982.915   -30015.587       32.672  1316.5
0.8340       -29982.885   -30015.636       32.751  1319.6
0.8350       -29982.918   -30016.202       33.284  1341.1
0.8360       -29983.000   -30016.904       33.904  1366.1
0.8370       -29982.952   -30016.712       33.760  1360.3
0.8380       -29982.876   -30016.049       33.174  1336.7
0.8390       -29982.875   -30015.947       33.071  1332.6
0.8400       -29982.936   -30016.366       33.431  1347.0
0.8410       -29982.974   -30016.414       33.440  1347.4
0.8420       -29982.860   -30015.717       32.857  1323.9
0.8430       -29982.804   -30015.872       33.069  1332.5
0.8440       -29982.995   -30017.526       34.531  1391.4
0.8450       -29983.038   -30018.328       35.290  1422.0
0.8460       -29982.946   -30017.381       34.435  1387.5
0.8470       -29982.800   -30016.149       33.349  1343.8
0.8480       -29982.882   -30016.508       33.626  1354.9
0.8490       -29982.987   -30017.407       34.420  1386.9
0.8500       -29982.995   -30017.153       34.159  1376.4
0.8510       -29982.833   -30015.721       32.888  1325.2
0.8520       -29982.799   -30015.259       32.460  1307.9
0.8530       -29983.002   -30016.129       33.127  1334.8
0.8540       -29983.046   -30015.591       32.544  1311.3
0.8550       -29982.770   -30013.337       30.567  1231.7
0.8560       -29982.783   -30012.977       30.194  1216.6
0.8570       -29982.962   -30014.656       31.694  1277.1
0.8580       -29983.040   -30015.729       32.689  1317.2
0.8590       -29982.940   -30014.994       32.054  1291.6
0.8600       -29982.830   -30013.970       31.140  1254.8
0.8610       -29982.870   -30014.351       31.481  1268.5
0.8620       -29983.069   -30015.359       32.290  1301.1
0.8630       -29982.977   -30014.401       31.424  1266.2
0.8640       -29982.778   -30012.601       29.824  1201.7
0.8650       -29982.830   -30012.864       30.034  1210.2
0.8660       -29982.981   -30014.651       31.670  1276.1
0.8670       -29983.013   -30015.699       32.686  1317.0
0.8680       -29982.932   -30015.381       32.449  1307.5
0.8690       -29982.801   -30014.943       32.142  1295.1
0.8700       -29982.952   -30015.954       33.002  1329.8
0.8710       -29983.053   -30016.352       33.299  1341.7
0.8720       -29982.820   -30014.865       32.046  1291.2
0.8730       -29982.819   -30014.389       31.570  1272.1
0.8740       -29982.948   -30015.165       32.218  1298.2
0.8750       -29982.952   -30015.489       32.537  1311.0
0.8760       -29982.966   -30015.025       32.059  1291.8
0.8770       -29982.833   -30013.992       31.159  1255.5
0.8780       -29982.837   -30014.259       31.422  1266.1
0.8790       -29983.041   -30015.687       32.647  1315.4
0.8800       -29982.963   -30015.620       32.657  1315.9
0.8810       -29982.807   -30014.834       32.026  1290.5
0.8820       -29982.885   -30015.330       32.445  1307.3
0.8830       -29982.970   -30016.250       33.280  1340.9
0.8840       -29982.993   -30016.270       33.277  1340.8
0.8850       -29982.921   -30015.132       32.211  1297.9
0.8860       -29982.819   -30014.113       31.294  1260.9
0.8870       -29982.920   -30014.674       31.754  1279.5
0.8880       -29983.023   -30015.433       32.410  1305.9
0.8890       -29982.880   -30014.982       32.102  1293.5
0.8900       -29982.815   -30015.067       32.252  1299.6
0.8910       -29982.940   -30016.564       33.624  1354.8
0.8920       -29983.027   -30017.738       34.711  1398.6
0.8930       -29982.970   -30017.306       34.336  1383.5
0.8940       -29982.879   -30016.091       33.211  1338.2
0.8950       -29982.841   -30015.550       32.709  1317.9
0.8960       -29982.982   -30016.054       33.071  1332.5
0.8970       -29982.982   -30015.715       32.733  1318.9
0.8980       -29982.805   -30014.457       31.652  1275.4
0.8990       -29982.810   -30014.610       31.801  1281.4
0.9000       -29982.932   -30016.208       33.276  1340.8
0.9010       -29983.009   -30017.472       34.463  1388.6
0.9020       -29982.966   -30017.243       34.277  1381.1
0.9030       -29982.839   -30016.302       33.463  1348.3
0.9040       -29982.869   -30016.425       33.556  1352.1
0.9050       -29983.004   -30017.122       34.119  1374.8
0.9060       -29982.971   -30016.555       33.584  1353.2
0.9070       -29982.846   -30015.020       32.174  1296.4
0.9080       -29982.789   -30014.351       31.562  1271.8
0.9090       -29982.890   -30015.376       32.486  1309.0
0.9100       -29983.017   -30016.674       33.656  1356.1
0.9110       -29982.943   -30016.603       33.660  1356.3
0.9120       -29982.838   -30016.164       33.326  1342.8
0.9130       -29982.927   -30016.839       33.912  1366.4
0.9140       -29983.029   -30017.387       34.357  1384.4
0.9150       -29982.923   -30016.391       33.467  1348.5
0.9160       -29982.847   -30015.158       32.310  1301.9
0.9170       -29982.855   -30014.844       31.988  1288.9
0.9180       -29982.904   -30015.366       32.461  1308.0
0.9190       -29982.966   -30015.877       32.910  1326.1
0.9200       -29982.908   -30015.663       32.755  1319.8
0.9210       -29982.841   -30015.602       32.762  1320.1
0.9220       -29982.932   -30016.592       33.660  1356.3
0.9230       -29983.015   -30017.411       34.396  1385.9
0.9240       -29982.970   -30016.767       33.797  1361.8
0.9250       -29982.859   -30015.308       32.450  1307.5
0.9260       -29982.851   -30014.643       31.792  1281.0
0.9270       -29982.937   -30014.961       32.025  1290.4
0.9280       -29982.961   -30015.074       32.113  1293.9
0.9290       -29982.919   -30014.627       31.708  1277.6
0.9300       -29982.857   -30014.346       31.489  1268.8
0.9310       -29982.936   -30014.972       32.036  1290.8
0.9320       -29982.992   -30015.478       32.486  1309.0
0.9330       -29982.930   -30015.025       32.096  1293.2
0.9340       -29982.857   -30014.474       31.616  1273.9
0.9350       -29982.928   -30014.721       31.794  1281.1
0.9360       -29982.962   -30014.859       31.897  1285.2
0.9370       -29982.914   -30014.396       31.483  1268.5
0.9380       -29982.916   -30013.901       30.985  1248.5
0.9390       -29982.859   -30013.678       30.818  1241.8
0.9400       -29982.940   -30014.293       31.353  1263.3
0.9410       -29982.996   -30014.643       31.647  1275.2
0.9420       -29982.876   -30013.979       31.103  1253.3
0.9430       -29982.833   -30013.925       31.092  1252.8
0.9440       -29983.005   -30014.938       31.933  1286.7
0.9450       -29982.981   -30014.822       31.841  1283.0
0.9460       -29982.891   -30013.713       30.822  1241.9
0.9470       -29982.811   -30013.168       30.357  1223.2
0.9480       -29982.980   -30014.142       31.162  1255.6
0.9490       -29982.993   -30014.595       31.602  1273.4
0.9500       -29982.886   -30014.101       31.215  1257.7
0.9510       -29982.841   -30014.308       31.467  1267.9
0.9520       -29982.973   -30015.646       32.673  1316.5
0.9530       -29983.006   -30016.279       33.273  1340.7
0.9540       -29982.897   -30015.752       32.855  1323.8
0.9550       -29982.878   -30015.437       32.559  1311.9
0.9560       -29982.851   -30015.957       33.106  1333.9
0.9570       -29983.044   -30017.138       34.094  1373.8
0.9580       -29983.003   -30016.536       33.533  1351.2
0.9590       -29982.745   -30014.883       32.138  1294.9
0.9600       -29982.893   -30015.376       32.483  1308.9
0.9610       -29983.001   -30016.392       33.391  1345.5
0.9620       -29982.945   -30016.120       33.175  1336.7
0.9630       -29982.886   -30015.327       32.441  1307.2
0.9640       -29982.853   -30015.062       32.209  1297.8
0.9650       -29982.907   -30015.832       32.925  1326.7
0.9660       -29983.001   -30016.842       33.842  1363.6
0.9670       -29983.008   -30016.666       33.658  1356.2
0.9680       -29982.817   -30015.523       32.706  1317.8
0.9690       -29982.903   -30015.811       32.908  1326.0
0.9700       -29983.031   -30016.570       33.539  1351.4
0.9710       -29982.956   -30015.853       32.897  1325.5
0.9720       -29982.875   -30014.527       31.652  1275.4
0.9730       -29982.810   -30014.044       31.234  1258.5
0.9740       -29982.918   -30015.098       32.180  1296.7
0.9750       -29982.979   -30016.314       33.335  1343.2
0.9760       -29983.017   -30016.522       33.505  1350.1
0.9770       -29982.824   -30015.656       32.833  1322.9
0.9780       -29982.884   -30016.253       33.369  1344.5
0.9790       -29983.066   -30017.552       34.486  1389.6
0.9800       -29982.964   -30017.073       34.109  1374.4
0.9810       -29982.877   -30015.892       33.015  1330.3
0.9820       -29982.860   -30015.462       32.602  1313.7
0.9830       -29982.912   -30015.970       33.058  1332.0
0.9840       -29982.929   -30016.679       33.751  1359.9
0.9850       -29982.978   -30017.135       34.157  1376.3
0.9860       -29982.849   -30017.053       34.204  1378.2
0.9870       -29982.922   -30018.062       35.140  1415.9
0.9880       -29983.080   -30019.238       36.158  1456.9
0.9890       -29983.004   -30018.472       35.468  1429.1
0.9900       -29982.895   -30016.675       33.780  1361.1
0.9910       -29982.924   -30015.291       32.367  1304.2
0.9920       -29982.864   -30014.198       31.334  1262.5
0.9930       -29982.920   -30013.850       30.930  1246.3
0.9940       -29982.945   -30013.577       30.632  1234.3
0.9950       -29982.818   -30013.438       30.620  1233.8
0.9960       -29983.010   -30014.734       31.724  1278.3
0.9970       -29982.982   -30015.410       32.428  1306.6
0.9980       -29982.979   -30015.241       32.263  1300.0
0.9990       -29982.914   -30014.495       31.581  1272.5
1.0000       -29982.892   -30013.864       30.972  1248.0
